<?xml version="1.0" encoding="UTF-8"?>
<testng-results skipped="0" failed="0" total="1" passed="1">
  <reporter-output>
  </reporter-output>
  <suite name="Default suite" duration-ms="27697" started-at="2016-04-13T10:56:13Z" finished-at="2016-04-13T10:56:41Z">
    <groups>
    </groups>
    <test name="Default test" duration-ms="27697" started-at="2016-04-13T10:56:13Z" finished-at="2016-04-13T10:56:41Z">
      <class name="test.FirefoxTest">
        <test-method status="PASS" signature="Firefox()[pri:0, instance:test.FirefoxTest@174d20a]" name="Firefox" duration-ms="27686" started-at="2016-04-13T13:56:14Z" finished-at="2016-04-13T13:56:41Z">
          <reporter-output>
          </reporter-output>
        </test-method> <!-- Firefox -->
      </class> <!-- test.FirefoxTest -->
    </test> <!-- Default test -->
  </suite> <!-- Default suite -->
</testng-results>
